[ 2018-01-21T09:05:48+08:00 ] ::1 /ykj/index.php/ykj/index.php/Admin/Cate/design.html
INFO: [ app_init ] --START--
INFO: Run Behavior\BuildLiteBehavior [ RunTime:0.000021s ]
INFO: [ app_init ] --END-- [ RunTime:0.000396s ]
ERR: 无法加载模块:Ykj

[ 2018-01-21T09:05:53+08:00 ] ::1 /ykj/index.php/ykj/index.php/Admin/Cate/design.html
INFO: [ app_init ] --START--
INFO: Run Behavior\BuildLiteBehavior [ RunTime:0.000011s ]
INFO: [ app_init ] --END-- [ RunTime:0.000240s ]
ERR: 无法加载模块:Ykj

[ 2018-01-21T09:07:31+08:00 ] ::1 /ykj/index.php/ykj/index.php/Admin/Cate/design.html
INFO: [ app_init ] --START--
INFO: Run Behavior\BuildLiteBehavior [ RunTime:0.000027s ]
INFO: [ app_init ] --END-- [ RunTime:0.012309s ]
ERR: 无法加载模块:Ykj

[ 2018-01-21T09:07:35+08:00 ] ::1 /ykj/index.php/ykj/index.php/Admin/Cate/design.html
INFO: [ app_init ] --START--
INFO: Run Behavior\BuildLiteBehavior [ RunTime:0.000013s ]
INFO: [ app_init ] --END-- [ RunTime:0.000249s ]
ERR: 无法加载模块:Ykj

